# JRE version: Java(TM) SE Runtime Environment (7.0_80-b15) (build 1.7.0_80-b15)
# Java VM: Java HotSpot(TM) 64-Bit Server VM (24.80-b11 mixed mode linux-amd64 compressed oops)
Heap
 PSYoungGen      total 137728K, used 12284K [0x00000000eaa80000, 0x00000000f3e80000, 0x0000000100000000)
  eden space 125440K, 0% used [0x00000000eaa80000,0x00000000eaa80000,0x00000000f2500000)
  from space 12288K, 99% used [0x00000000f2500000,0x00000000f30ff108,0x00000000f3100000)
  to   space 10752K, 0% used [0x00000000f3100000,0x00000000f3100000,0x00000000f3b80000)
 ParOldGen       total 39424K, used 35954K [0x00000000c0000000, 0x00000000c2680000, 0x00000000eaa80000)
  object space 39424K, 91% used [0x00000000c0000000,0x00000000c231c948,0x00000000c2680000)
 PSPermGen       total 21504K, used 7122K [0x00000000bae00000, 0x00000000bc300000, 0x00000000c0000000)
  object space 21504K, 33% used [0x00000000bae00000,0x00000000bb4f4850,0x00000000bc300000)
GC Heap History (10 events):
Event: 1,563 GC heap after
Heap after GC invocations=2 (full 0):
 PSYoungGen      total 33792K, used 2022K [0x00000000eaa80000, 0x00000000ecd80000, 0x0000000100000000)
  eden space 31744K, 0% used [0x00000000eaa80000,0x00000000eaa80000,0x00000000ec980000)
  from space 2048K, 98% used [0x00000000ecb80000,0x00000000ecd79808,0x00000000ecd80000)
  to   space 2048K, 0% used [0x00000000ec980000,0x00000000ec980000,0x00000000ecb80000)
 ParOldGen       total 39424K, used 6160K [0x00000000c0000000, 0x00000000c2680000, 0x00000000eaa80000)
  object space 39424K, 15% used [0x00000000c0000000,0x00000000c0604220,0x00000000c2680000)
 PSPermGen       total 21504K, used 5384K [0x00000000bae00000, 0x00000000bc300000, 0x00000000c0000000)
  object space 21504K, 25% used [0x00000000bae00000,0x00000000bb342130,0x00000000bc300000)
}
Event: 2,604 GC heap before
{Heap before GC invocations=3 (full 0):
 PSYoungGen      total 33792K, used 33654K [0x00000000eaa80000, 0x00000000ecd80000, 0x0000000100000000)
  eden space 31744K, 99% used [0x00000000eaa80000,0x00000000ec964110,0x00000000ec980000)
  from space 2048K, 98% used [0x00000000ecb80000,0x00000000ecd79808,0x00000000ecd80000)
  to   space 2048K, 0% used [0x00000000ec980000,0x00000000ec980000,0x00000000ecb80000)
 ParOldGen       total 39424K, used 6160K [0x00000000c0000000, 0x00000000c2680000, 0x00000000eaa80000)
  object space 39424K, 15% used [0x00000000c0000000,0x00000000c0604220,0x00000000c2680000)
 PSPermGen       total 21504K, used 6929K [0x00000000bae00000, 0x00000000bc300000, 0x00000000c0000000)
  object space 21504K, 32% used [0x00000000bae00000,0x00000000bb4c4620,0x00000000bc300000)
Event: 2,634 GC heap after
Heap after GC invocations=3 (full 0):
 PSYoungGen      total 33792K, used 2022K [0x00000000eaa80000, 0x00000000eec80000, 0x0000000100000000)
  eden space 31744K, 0% used [0x00000000eaa80000,0x00000000eaa80000,0x00000000ec980000)
  from space 2048K, 98% used [0x00000000ec980000,0x00000000ecb79808,0x00000000ecb80000)
  to   space 2048K, 0% used [0x00000000eea80000,0x00000000eea80000,0x00000000eec80000)
 ParOldGen       total 39424K, used 12644K [0x00000000c0000000, 0x00000000c2680000, 0x00000000eaa80000)
  object space 39424K, 32% used [0x00000000c0000000,0x00000000c0c59250,0x00000000c2680000)
 PSPermGen       total 21504K, used 6929K [0x00000000bae00000, 0x00000000bc300000, 0x00000000c0000000)
  object space 21504K, 32% used [0x00000000bae00000,0x00000000bb4c4620,0x00000000bc300000)
}
Event: 3,062 GC heap before
{Heap before GC invocations=4 (full 0):
 PSYoungGen      total 33792K, used 33766K [0x00000000eaa80000, 0x00000000eec80000, 0x0000000100000000)
  eden space 31744K, 100% used [0x00000000eaa80000,0x00000000ec980000,0x00000000ec980000)
  from space 2048K, 98% used [0x00000000ec980000,0x00000000ecb79808,0x00000000ecb80000)
  to   space 2048K, 0% used [0x00000000eea80000,0x00000000eea80000,0x00000000eec80000)
 ParOldGen       total 39424K, used 12644K [0x00000000c0000000, 0x00000000c2680000, 0x00000000eaa80000)
  object space 39424K, 32% used [0x00000000c0000000,0x00000000c0c59250,0x00000000c2680000)
 PSPermGen       total 21504K, used 6998K [0x00000000bae00000, 0x00000000bc300000, 0x00000000c0000000)
  object space 21504K, 32% used [0x00000000bae00000,0x00000000bb4d58d8,0x00000000bc300000)
Event: 3,081 GC heap after
Heap after GC invocations=4 (full 0):
 PSYoungGen      total 65536K, used 2048K [0x00000000eaa80000, 0x00000000eec80000, 0x0000000100000000)
  eden space 63488K, 0% used [0x00000000eaa80000,0x00000000eaa80000,0x00000000ee880000)
  from space 2048K, 100% used [0x00000000eea80000,0x00000000eec80000,0x00000000eec80000)
  to   space 2048K, 0% used [0x00000000ee880000,0x00000000ee880000,0x00000000eea80000)
 ParOldGen       total 39424K, used 16600K [0x00000000c0000000, 0x00000000c2680000, 0x00000000eaa80000)
  object space 39424K, 42% used [0x00000000c0000000,0x00000000c10361c0,0x00000000c2680000)
 PSPermGen       total 21504K, used 6998K [0x00000000bae00000, 0x00000000bc300000, 0x00000000c0000000)
  object space 21504K, 32% used [0x00000000bae00000,0x00000000bb4d58d8,0x00000000bc300000)
}
Event: 3,666 GC heap before
{Heap before GC invocations=5 (full 0):
 PSYoungGen      total 65536K, used 65536K [0x00000000eaa80000, 0x00000000eec80000, 0x0000000100000000)
  eden space 63488K, 100% used [0x00000000eaa80000,0x00000000ee880000,0x00000000ee880000)
  from space 2048K, 100% used [0x00000000eea80000,0x00000000eec80000,0x00000000eec80000)
  to   space 2048K, 0% used [0x00000000ee880000,0x00000000ee880000,0x00000000eea80000)
 ParOldGen       total 39424K, used 16600K [0x00000000c0000000, 0x00000000c2680000, 0x00000000eaa80000)
  object space 39424K, 42% used [0x00000000c0000000,0x00000000c10361c0,0x00000000c2680000)
 PSPermGen       total 21504K, used 7109K [0x00000000bae00000, 0x00000000bc300000, 0x00000000c0000000)
  object space 21504K, 33% used [0x00000000bae00000,0x00000000bb4f1700,0x00000000bc300000)
Event: 3,699 GC heap after
Heap after GC invocations=5 (full 0):
 PSYoungGen      total 65536K, used 2039K [0x00000000eaa80000, 0x00000000f3b80000, 0x0000000100000000)
  eden space 63488K, 0% used [0x00000000eaa80000,0x00000000eaa80000,0x00000000ee880000)
  from space 2048K, 99% used [0x00000000ee880000,0x00000000eea7de38,0x00000000eea80000)
  to   space 10752K, 0% used [0x00000000f3100000,0x00000000f3100000,0x00000000f3b80000)
 ParOldGen       total 39424K, used 24331K [0x00000000c0000000, 0x00000000c2680000, 0x00000000eaa80000)
  object space 39424K, 61% used [0x00000000c0000000,0x00000000c17c2eb0,0x00000000c2680000)
 PSPermGen       total 21504K, used 7109K [0x00000000bae00000, 0x00000000bc300000, 0x00000000c0000000)
  object space 21504K, 33% used [0x00000000bae00000,0x00000000bb4f1700,0x00000000bc300000)
}
Event: 4,017 GC heap before
{Heap before GC invocations=6 (full 0):
 PSYoungGen      total 65536K, used 65527K [0x00000000eaa80000, 0x00000000f3b80000, 0x0000000100000000)
  eden space 63488K, 100% used [0x00000000eaa80000,0x00000000ee880000,0x00000000ee880000)
  from space 2048K, 99% used [0x00000000ee880000,0x00000000eea7de38,0x00000000eea80000)
  to   space 10752K, 0% used [0x00000000f3100000,0x00000000f3100000,0x00000000f3b80000)
 ParOldGen       total 39424K, used 24331K [0x00000000c0000000, 0x00000000c2680000, 0x00000000eaa80000)
  object space 39424K, 61% used [0x00000000c0000000,0x00000000c17c2eb0,0x00000000c2680000)
 PSPermGen       total 21504K, used 7117K [0x00000000bae00000, 0x00000000bc300000, 0x00000000c0000000)
  object space 21504K, 33% used [0x00000000bae00000,0x00000000bb4f3758,0x00000000bc300000)
Event: 4,057 GC heap after
Heap after GC invocations=6 (full 0):
 PSYoungGen      total 136192K, used 10176K [0x00000000eaa80000, 0x00000000f3e80000, 0x0000000100000000)
  eden space 125440K, 0% used [0x00000000eaa80000,0x00000000eaa80000,0x00000000f2500000)
  from space 10752K, 94% used [0x00000000f3100000,0x00000000f3af0370,0x00000000f3b80000)
  to   space 12288K, 0% used [0x00000000f2500000,0x00000000f2500000,0x00000000f3100000)
 ParOldGen       total 39424K, used 25692K [0x00000000c0000000, 0x00000000c2680000, 0x00000000eaa80000)
  object space 39424K, 65% used [0x00000000c0000000,0x00000000c19170d0,0x00000000c2680000)
 PSPermGen       total 21504K, used 7117K [0x00000000bae00000, 0x00000000bc300000, 0x00000000c0000000)
  object space 21504K, 33% used [0x00000000bae00000,0x00000000bb4f3758,0x00000000bc300000)
}
Event: 5,045 GC heap before
{Heap before GC invocations=7 (full 0):
 PSYoungGen      total 136192K, used 135616K [0x00000000eaa80000, 0x00000000f3e80000, 0x0000000100000000)
  eden space 125440K, 100% used [0x00000000eaa80000,0x00000000f2500000,0x00000000f2500000)
  from space 10752K, 94% used [0x00000000f3100000,0x00000000f3af0370,0x00000000f3b80000)
  to   space 12288K, 0% used [0x00000000f2500000,0x00000000f2500000,0x00000000f3100000)
 ParOldGen       total 39424K, used 25692K [0x00000000c0000000, 0x00000000c2680000, 0x00000000eaa80000)
  object space 39424K, 65% used [0x00000000c0000000,0x00000000c19170d0,0x00000000c2680000)
 PSPermGen       total 21504K, used 7122K [0x00000000bae00000, 0x00000000bc300000, 0x00000000c0000000)
  object space 21504K, 33% used [0x00000000bae00000,0x00000000bb4f4850,0x00000000bc300000)

