# JRE version: Java(TM) SE Runtime Environment (7.0_80-b15) (build 1.7.0_80-b15)
# Java VM: Java HotSpot(TM) 64-Bit Server VM (24.80-b11 mixed mode linux-amd64 compressed oops)
Heap
 PSYoungGen      total 214016K, used 21728K [0x00000000eaa80000, 0x00000000f9d00000, 0x0000000100000000)
  eden space 189952K, 0% used [0x00000000eaa80000,0x00000000eaa80000,0x00000000f6400000)
  from space 24064K, 90% used [0x00000000f6400000,0x00000000f7938260,0x00000000f7b80000)
  to   space 13824K, 0% used [0x00000000f7b80000,0x00000000f7b80000,0x00000000f8900000)
 ParOldGen       total 59904K, used 36831K [0x00000000c0000000, 0x00000000c3a80000, 0x00000000eaa80000)
  object space 59904K, 61% used [0x00000000c0000000,0x00000000c23f7dc8,0x00000000c3a80000)
 PSPermGen       total 21504K, used 7128K [0x00000000bae00000, 0x00000000bc300000, 0x00000000c0000000)
  object space 21504K, 33% used [0x00000000bae00000,0x00000000bb4f6298,0x00000000bc300000)
GC Heap History (10 events):
Event: 2,923 GC heap after
Heap after GC invocations=7 (full 0):
 PSYoungGen      total 73216K, used 9058K [0x00000000eaa80000, 0x00000000f3b80000, 0x0000000100000000)
  eden space 63488K, 0% used [0x00000000eaa80000,0x00000000eaa80000,0x00000000ee880000)
  from space 9728K, 93% used [0x00000000ee880000,0x00000000ef158be8,0x00000000ef200000)
  to   space 10752K, 0% used [0x00000000f3100000,0x00000000f3100000,0x00000000f3b80000)
 ParOldGen       total 39424K, used 22299K [0x00000000c0000000, 0x00000000c2680000, 0x00000000eaa80000)
  object space 39424K, 56% used [0x00000000c0000000,0x00000000c15c6f98,0x00000000c2680000)
 PSPermGen       total 21504K, used 7117K [0x00000000bae00000, 0x00000000bc300000, 0x00000000c0000000)
  object space 21504K, 33% used [0x00000000bae00000,0x00000000bb4f3498,0x00000000bc300000)
}
Event: 3,220 GC heap before
{Heap before GC invocations=8 (full 0):
 PSYoungGen      total 73216K, used 72546K [0x00000000eaa80000, 0x00000000f3b80000, 0x0000000100000000)
  eden space 63488K, 100% used [0x00000000eaa80000,0x00000000ee880000,0x00000000ee880000)
  from space 9728K, 93% used [0x00000000ee880000,0x00000000ef158be8,0x00000000ef200000)
  to   space 10752K, 0% used [0x00000000f3100000,0x00000000f3100000,0x00000000f3b80000)
 ParOldGen       total 39424K, used 22299K [0x00000000c0000000, 0x00000000c2680000, 0x00000000eaa80000)
  object space 39424K, 56% used [0x00000000c0000000,0x00000000c15c6f98,0x00000000c2680000)
 PSPermGen       total 21504K, used 7119K [0x00000000bae00000, 0x00000000bc300000, 0x00000000c0000000)
  object space 21504K, 33% used [0x00000000bae00000,0x00000000bb4f3c50,0x00000000bc300000)
Event: 3,265 GC heap after
Heap after GC invocations=8 (full 0):
 PSYoungGen      total 135680K, used 10720K [0x00000000eaa80000, 0x00000000f3f80000, 0x0000000100000000)
  eden space 124928K, 0% used [0x00000000eaa80000,0x00000000eaa80000,0x00000000f2480000)
  from space 10752K, 99% used [0x00000000f3100000,0x00000000f3b781d8,0x00000000f3b80000)
  to   space 12800K, 0% used [0x00000000f2480000,0x00000000f2480000,0x00000000f3100000)
 ParOldGen       total 39424K, used 23397K [0x00000000c0000000, 0x00000000c2680000, 0x00000000eaa80000)
  object space 39424K, 59% used [0x00000000c0000000,0x00000000c16d9640,0x00000000c2680000)
 PSPermGen       total 21504K, used 7119K [0x00000000bae00000, 0x00000000bc300000, 0x00000000c0000000)
  object space 21504K, 33% used [0x00000000bae00000,0x00000000bb4f3c50,0x00000000bc300000)
}
Event: 3,578 GC heap before
{Heap before GC invocations=9 (full 0):
 PSYoungGen      total 135680K, used 135648K [0x00000000eaa80000, 0x00000000f3f80000, 0x0000000100000000)
  eden space 124928K, 100% used [0x00000000eaa80000,0x00000000f2480000,0x00000000f2480000)
  from space 10752K, 99% used [0x00000000f3100000,0x00000000f3b781d8,0x00000000f3b80000)
  to   space 12800K, 0% used [0x00000000f2480000,0x00000000f2480000,0x00000000f3100000)
 ParOldGen       total 39424K, used 23397K [0x00000000c0000000, 0x00000000c2680000, 0x00000000eaa80000)
  object space 39424K, 59% used [0x00000000c0000000,0x00000000c16d9640,0x00000000c2680000)
 PSPermGen       total 21504K, used 7125K [0x00000000bae00000, 0x00000000bc300000, 0x00000000c0000000)
  object space 21504K, 33% used [0x00000000bae00000,0x00000000bb4f54c8,0x00000000bc300000)
Event: 3,592 GC heap after
Heap after GC invocations=9 (full 0):
 PSYoungGen      total 137728K, used 12013K [0x00000000eaa80000, 0x00000000f8900000, 0x0000000100000000)
  eden space 124928K, 0% used [0x00000000eaa80000,0x00000000eaa80000,0x00000000f2480000)
  from space 12800K, 93% used [0x00000000f2480000,0x00000000f303b460,0x00000000f3100000)
  to   space 13824K, 0% used [0x00000000f7b80000,0x00000000f7b80000,0x00000000f8900000)
 ParOldGen       total 39424K, used 26109K [0x00000000c0000000, 0x00000000c2680000, 0x00000000eaa80000)
  object space 39424K, 66% used [0x00000000c0000000,0x00000000c197f688,0x00000000c2680000)
 PSPermGen       total 21504K, used 7125K [0x00000000bae00000, 0x00000000bc300000, 0x00000000c0000000)
  object space 21504K, 33% used [0x00000000bae00000,0x00000000bb4f54c8,0x00000000bc300000)
}
Event: 3,896 GC heap before
{Heap before GC invocations=10 (full 0):
 PSYoungGen      total 137728K, used 136941K [0x00000000eaa80000, 0x00000000f8900000, 0x0000000100000000)
  eden space 124928K, 100% used [0x00000000eaa80000,0x00000000f2480000,0x00000000f2480000)
  from space 12800K, 93% used [0x00000000f2480000,0x00000000f303b460,0x00000000f3100000)
  to   space 13824K, 0% used [0x00000000f7b80000,0x00000000f7b80000,0x00000000f8900000)
 ParOldGen       total 39424K, used 26109K [0x00000000c0000000, 0x00000000c2680000, 0x00000000eaa80000)
  object space 39424K, 66% used [0x00000000c0000000,0x00000000c197f688,0x00000000c2680000)
 PSPermGen       total 21504K, used 7130K [0x00000000bae00000, 0x00000000bc300000, 0x00000000c0000000)
  object space 21504K, 33% used [0x00000000bae00000,0x00000000bb4f6a68,0x00000000bc300000)
Event: 3,947 GC heap after
Heap after GC invocations=10 (full 0):
 PSYoungGen      total 203776K, used 13812K [0x00000000eaa80000, 0x00000000f9d00000, 0x0000000100000000)
  eden space 189952K, 0% used [0x00000000eaa80000,0x00000000eaa80000,0x00000000f6400000)
  from space 13824K, 99% used [0x00000000f7b80000,0x00000000f88fd3c8,0x00000000f8900000)
  to   space 24064K, 0% used [0x00000000f6400000,0x00000000f6400000,0x00000000f7b80000)
 ParOldGen       total 49664K, used 48945K [0x00000000c0000000, 0x00000000c3080000, 0x00000000eaa80000)
  object space 49664K, 98% used [0x00000000c0000000,0x00000000c2fcc768,0x00000000c3080000)
 PSPermGen       total 21504K, used 7130K [0x00000000bae00000, 0x00000000bc300000, 0x00000000c0000000)
  object space 21504K, 33% used [0x00000000bae00000,0x00000000bb4f6a68,0x00000000bc300000)
}
Event: 3,948 GC heap before
{Heap before GC invocations=11 (full 1):
 PSYoungGen      total 203776K, used 13812K [0x00000000eaa80000, 0x00000000f9d00000, 0x0000000100000000)
  eden space 189952K, 0% used [0x00000000eaa80000,0x00000000eaa80000,0x00000000f6400000)
  from space 13824K, 99% used [0x00000000f7b80000,0x00000000f88fd3c8,0x00000000f8900000)
  to   space 24064K, 0% used [0x00000000f6400000,0x00000000f6400000,0x00000000f7b80000)
 ParOldGen       total 49664K, used 48945K [0x00000000c0000000, 0x00000000c3080000, 0x00000000eaa80000)
  object space 49664K, 98% used [0x00000000c0000000,0x00000000c2fcc768,0x00000000c3080000)
 PSPermGen       total 21504K, used 7130K [0x00000000bae00000, 0x00000000bc300000, 0x00000000c0000000)
  object space 21504K, 33% used [0x00000000bae00000,0x00000000bb4f6a68,0x00000000bc300000)
Event: 4,077 GC heap after
Heap after GC invocations=11 (full 1):
 PSYoungGen      total 203776K, used 0K [0x00000000eaa80000, 0x00000000f9d00000, 0x0000000100000000)
  eden space 189952K, 0% used [0x00000000eaa80000,0x00000000eaa80000,0x00000000f6400000)
  from space 13824K, 0% used [0x00000000f7b80000,0x00000000f7b80000,0x00000000f8900000)
  to   space 24064K, 0% used [0x00000000f6400000,0x00000000f6400000,0x00000000f7b80000)
 ParOldGen       total 59904K, used 25852K [0x00000000c0000000, 0x00000000c3a80000, 0x00000000eaa80000)
  object space 59904K, 43% used [0x00000000c0000000,0x00000000c193f3a0,0x00000000c3a80000)
 PSPermGen       total 21504K, used 7127K [0x00000000bae00000, 0x00000000bc300000, 0x00000000c0000000)
  object space 21504K, 33% used [0x00000000bae00000,0x00000000bb4f5f58,0x00000000bc300000)
}
Event: 4,567 GC heap before
{Heap before GC invocations=12 (full 1):
 PSYoungGen      total 203776K, used 189952K [0x00000000eaa80000, 0x00000000f9d00000, 0x0000000100000000)
  eden space 189952K, 100% used [0x00000000eaa80000,0x00000000f6400000,0x00000000f6400000)
  from space 13824K, 0% used [0x00000000f7b80000,0x00000000f7b80000,0x00000000f8900000)
  to   space 24064K, 0% used [0x00000000f6400000,0x00000000f6400000,0x00000000f7b80000)
 ParOldGen       total 59904K, used 25852K [0x00000000c0000000, 0x00000000c3a80000, 0x00000000eaa80000)
  object space 59904K, 43% used [0x00000000c0000000,0x00000000c193f3a0,0x00000000c3a80000)
 PSPermGen       total 21504K, used 7128K [0x00000000bae00000, 0x00000000bc300000, 0x00000000c0000000)
  object space 21504K, 33% used [0x00000000bae00000,0x00000000bb4f6298,0x00000000bc300000)

